\BOOKMARK [0][-]{chapter*.4}{\376\377\006\056\006\104\006\047\006\065\006\107\000\040\006\105\006\057\006\314\006\061\006\314\006\052\006\314}{}% 1
\BOOKMARK [0][-]{chapter.1}{\376\377\006\105\006\102\006\057\006\105\006\107}{}% 2
\BOOKMARK [1][-]{section.1.1}{\376\377\006\206\006\061\006\047\000\040\006\047\006\314\006\106\000\040\006\061\006\047\006\107\006\106\006\105\006\047\006\037}{chapter.1}% 3
\BOOKMARK [2][-]{subsection.1.1.1}{\376\377\006\066\006\061\006\110\006\061\006\052\000\040\006\110\000\040\006\101\006\110\006\061\006\314\006\052}{section.1.1}% 4
\BOOKMARK [1][-]{section.1.2}{\376\377\006\061\006\110\006\314\006\057\006\047\006\057\000\040\006\057\006\314\040\014\006\105\006\047\006\107\000\040\006\361\006\364\006\360\006\364\000:\000\040\006\106\006\102\006\067\006\107\000\040\006\071\006\067\006\101}{chapter.1}% 5
\BOOKMARK [2][-]{subsection.1.2.1}{\376\377\006\206\006\107\000\040\006\047\006\052\006\101\006\047\006\102\006\314\000\040\006\047\006\101\006\052\006\047\006\057\006\037}{section.1.2}% 6
\BOOKMARK [2][-]{subsection.1.2.2}{\376\377\006\176\006\314\006\047\006\105\006\057\006\107\006\047}{section.1.2}% 7
\BOOKMARK [1][-]{section.1.3}{\376\377\006\105\006\056\006\047\006\067\006\050\006\047\006\106\000\040\006\047\006\314\006\106\000\040\006\061\006\047\006\107\006\106\006\105\006\047}{chapter.1}% 8
\BOOKMARK [1][-]{section.1.4}{\376\377\006\061\006\110\006\064\040\014\006\064\006\106\006\047\006\063\006\314\000\040\006\110\000\040\006\061\006\110\006\314\006\251\006\061\006\057}{chapter.1}% 9
\BOOKMARK [2][-]{subsection.1.4.1}{\376\377\006\105\006\106\006\047\006\050\006\071\000\040\006\105\006\110\006\061\006\057\000\040\006\047\006\063\006\052\006\101\006\047\006\057\006\107}{section.1.4}% 10
\BOOKMARK [2][-]{subsection.1.4.2}{\376\377\006\061\006\110\006\314\006\251\006\061\006\057\000\040\006\052\006\055\006\104\006\314\006\104\006\314}{section.1.4}% 11
\BOOKMARK [1][-]{section.1.5}{\376\377\006\105\006\055\006\057\006\110\006\057\006\314\006\052\040\014\006\107\006\047\000\040\006\110\000\040\006\107\006\064\006\057\006\047\006\061\006\107\006\047}{chapter.1}% 12
\BOOKMARK [1][-]{section.1.6}{\376\377\006\106\006\055\006\110\006\107\000\040\006\047\006\063\006\052\006\101\006\047\006\057\006\107\000\040\006\047\006\062\000\040\006\047\006\314\006\106\000\040\006\251\006\052\006\047\006\050}{chapter.1}% 13
\BOOKMARK [0][-]{chapter.2}{\376\377\006\052\006\064\006\061\006\314\006\055\000\040\006\106\006\070\006\047\006\105\000\040\006\055\006\047\006\251\006\105}{}% 14
\BOOKMARK [1][-]{section.2.1}{\376\377\006\105\006\047\006\107\006\314\006\052\000\040\006\106\006\070\006\047\006\105\000:\000\040\006\064\006\050\006\107\040\014\006\052\006\105\006\047\006\105\006\314\006\052\040\014\006\056\006\110\006\047\006\107}{chapter.2}% 15
\BOOKMARK [2][-]{subsection.2.1.1}{\376\377\006\110\006\314\006\230\006\257\006\314\040\014\006\107\006\047\006\314\000\040\006\251\006\104\006\314\006\057\006\314}{section.2.1}% 16
\BOOKMARK [1][-]{section.2.2}{\376\377\006\063\006\052\006\110\006\106\040\014\006\107\006\047\006\314\000\040\006\102\006\057\006\061\006\052\000\040\006\106\006\070\006\047\006\105}{chapter.2}% 17
\BOOKMARK [2][-]{subsection.2.2.1}{\376\377\006\063\006\052\006\110\006\106\000\040\006\106\006\070\006\047\006\105\006\314\000-\006\047\006\105\006\106\006\314\006\052\006\314}{section.2.2}% 18
\BOOKMARK [2][-]{subsection.2.2.2}{\376\377\006\063\006\052\006\110\006\106\000\040\006\047\006\314\006\057\006\046\006\110\006\104\006\110\006\230\006\314\006\251\000-\006\105\006\060\006\107\006\050\006\314}{section.2.2}% 19
\BOOKMARK [2][-]{subsection.2.2.3}{\376\377\006\063\006\052\006\110\006\106\000\040\006\047\006\102\006\052\006\065\006\047\006\057\006\314\000-\006\061\006\047\006\106\006\052\006\314}{section.2.2}% 20
\BOOKMARK [2][-]{subsection.2.2.4}{\376\377\006\064\006\050\006\251\006\107\040\014\006\107\006\047\006\314\000\040\006\110\006\047\006\050\006\063\006\052\006\257\006\314\000\040\006\105\006\106\006\067\006\102\006\107\040\014\006\047\006\314}{section.2.2}% 21
\BOOKMARK [1][-]{section.2.3}{\376\377\006\106\006\102\006\047\006\067\000\040\006\066\006\071\006\101\000\040\006\110\000\040\006\064\006\251\006\047\006\101\040\014\006\107\006\047}{chapter.2}% 22
\BOOKMARK [2][-]{subsection.2.3.1}{\376\377\006\050\006\055\006\061\006\047\006\106\000\040\006\105\006\064\006\061\006\110\006\071\006\314\006\052}{section.2.3}% 23
\BOOKMARK [2][-]{subsection.2.3.2}{\376\377\006\050\006\055\006\061\006\047\006\106\000\040\006\047\006\102\006\052\006\065\006\047\006\057\006\314}{section.2.3}% 24
\BOOKMARK [2][-]{subsection.2.3.3}{\376\377\006\064\006\251\006\047\006\101\000\040\006\106\006\063\006\104\006\314}{section.2.3}% 25
\BOOKMARK [2][-]{subsection.2.3.4}{\376\377\006\064\006\251\006\047\006\101\000\040\006\105\006\061\006\251\006\062\000-\006\176\006\314\006\061\006\047\006\105\006\110\006\106}{section.2.3}% 26
\BOOKMARK [2][-]{subsection.2.3.5}{\376\377\006\052\006\106\006\064\040\014\006\107\006\047\006\314\000\040\006\057\006\061\006\110\006\106\040\014\006\055\006\251\006\110\006\105\006\052\006\314}{section.2.3}% 27
\BOOKMARK [1][-]{section.2.4}{\376\377\006\070\006\061\006\101\006\314\006\052\000\040\006\063\006\061\006\251\006\110\006\050\000:\000\040\006\052\006\055\006\104\006\314\006\104\000\040\006\110\006\047\006\102\006\071\040\014\006\050\006\314\006\106\006\047\006\106\006\107}{chapter.2}% 28
\BOOKMARK [1][-]{section.2.5}{\376\377\006\054\006\105\006\071\040\014\006\050\006\106\006\057\006\314\000:\000\040\006\176\006\052\006\047\006\106\006\063\006\314\006\104\000\040\006\101\006\061\006\110\006\176\006\047\006\064\006\314}{chapter.2}% 29
\BOOKMARK [0][-]{chapter.3}{\376\377\006\067\006\314\006\101\040\014\006\064\006\106\006\047\006\063\006\314\000\040\006\047\006\176\006\110\006\062\006\314\006\063\006\314\006\110\006\106}{}% 30
\BOOKMARK [1][-]{section.3.1}{\376\377\006\106\006\102\006\064\006\107\000\040\006\054\006\061\006\314\006\047\006\106\006\047\006\052\000\040\006\047\006\176\006\110\006\062\006\314\006\063\006\314\006\110\006\106}{chapter.3}% 31
\BOOKMARK [1][-]{section.3.2}{\376\377\006\052\006\055\006\104\006\314\006\104\000\040\006\107\006\061\000\040\006\054\006\061\006\314\006\047\006\106}{chapter.3}% 32
\BOOKMARK [2][-]{subsection.3.2.1}{\376\377\006\105\006\064\006\061\006\110\006\067\006\107\040\014\006\056\006\110\006\047\006\107\006\047\006\106\000\040\006\110\000\040\006\176\006\107\006\104\006\110\006\314\040\014\006\257\006\061\006\047\006\314\006\047\006\106}{section.3.2}% 33
\BOOKMARK [2][-]{subsection.3.2.2}{\376\377\006\054\006\105\006\107\006\110\006\061\006\314\040\014\006\056\006\110\006\047\006\107\006\047\006\106\000\040\006\063\006\251\006\110\006\104\006\047\006\061}{section.3.2}% 34
\BOOKMARK [2][-]{subsection.3.2.3}{\376\377\006\206\006\176\040\014\006\107\006\047\000\040\006\110\000\040\006\063\006\110\006\063\006\314\006\047\006\104\006\314\006\063\006\052\040\014\006\107\006\047}{section.3.2}% 35
\BOOKMARK [2][-]{subsection.3.2.4}{\376\377\006\105\006\104\006\314\000-\006\105\006\060\006\107\006\050\006\314\040\014\006\107\006\047\000\040\006\110\000\040\006\047\006\065\006\104\006\047\006\055\040\014\006\067\006\104\006\050\006\047\006\106\000\040\006\056\006\047\006\061\006\054\040\014\006\106\006\064\006\314\006\106}{section.3.2}% 36
\BOOKMARK [2][-]{subsection.3.2.5}{\376\377\006\054\006\106\006\050\006\064\040\014\006\107\006\047\006\314\000\040\006\102\006\110\006\105\006\314\000-\006\105\006\104\006\314}{section.3.2}% 37
\BOOKMARK [2][-]{subsection.3.2.6}{\376\377\006\063\006\047\006\062\006\105\006\047\006\106\000\040\006\105\006\054\006\047\006\107\006\057\006\314\006\106\000\040\006\056\006\104\006\102}{section.3.2}% 38
\BOOKMARK [1][-]{section.3.3}{\376\377\006\106\006\102\006\047\006\067\000\040\006\107\006\105\006\257\006\061\006\047\006\314\006\314\000\040\006\110\000\040\006\110\006\047\006\257\006\061\006\047\006\314\006\314}{chapter.3}% 39
\BOOKMARK [2][-]{subsection.3.3.1}{\376\377\006\106\006\102\006\047\006\067\000\040\006\107\006\105\006\257\006\061\006\047\006\314\006\314}{section.3.3}% 40
\BOOKMARK [2][-]{subsection.3.3.2}{\376\377\006\106\006\102\006\047\006\067\000\040\006\110\006\047\006\257\006\061\006\047\006\314\006\314}{section.3.3}% 41
\BOOKMARK [1][-]{section.3.4}{\376\377\006\206\006\061\006\047\000\040\006\047\006\046\006\052\006\104\006\047\006\101\000\040\006\064\006\251\006\104\000\040\006\106\006\105\006\314\040\014\006\257\006\314\006\061\006\057\006\037}{chapter.3}% 42
\BOOKMARK [1][-]{section.3.5}{\376\377\006\176\006\052\006\047\006\106\006\063\006\314\006\104\040\014\006\107\006\047\006\314\000\040\006\047\006\046\006\052\006\104\006\047\006\101\040\014\006\063\006\047\006\062\006\314}{chapter.3}% 43
\BOOKMARK [2][-]{subsection.3.5.1}{\376\377\006\105\006\057\006\104\000\040\006\176\006\314\006\064\006\106\006\107\006\047\006\057\006\314\000\040\006\047\006\046\006\052\006\104\006\047\006\101}{section.3.5}% 44
\BOOKMARK [1][-]{section.3.6}{\376\377\006\052\006\110\006\065\006\314\006\107\040\014\006\107\006\047\006\314\000\040\006\071\006\105\006\104\006\314\000\040\006\050\006\061\006\047\006\314\000\040\006\107\006\061\000\040\006\054\006\061\006\314\006\047\006\106}{chapter.3}% 45
\BOOKMARK [0][-]{chapter.4}{\376\377\006\063\006\106\006\047\006\061\006\314\006\110\006\107\006\047\006\314\000\040\006\257\006\060\006\047\006\061}{}% 46
\BOOKMARK [1][-]{section.4.1}{\376\377\006\206\006\047\006\061\006\206\006\110\006\050\000\040\006\052\006\055\006\104\006\314\006\104\000\040\006\063\006\106\006\047\006\061\006\314\006\110\006\107\006\047}{chapter.4}% 47
\BOOKMARK [1][-]{section.4.2}{\376\377\006\063\006\106\006\047\006\061\006\314\006\110\006\314\000\040\006\047\006\110\006\104\000:\000\040\006\047\006\106\006\102\006\104\006\047\006\050\000\040\006\105\006\061\006\057\006\105\006\314\000\040\006\056\006\064\006\110\006\106\006\052\040\014\006\176\006\061\006\107\006\314\006\062}{chapter.4}% 48
\BOOKMARK [2][-]{subsection.4.2.1}{\376\377\006\061\006\314\006\063\006\251\040\014\006\107\006\047\006\314\000\040\006\047\006\065\006\104\006\314}{section.4.2}% 49
\BOOKMARK [1][-]{section.4.3}{\376\377\006\063\006\106\006\047\006\061\006\314\006\110\006\314\000\040\006\057\006\110\006\105\000:\000\040\006\105\006\102\006\047\006\110\006\105\006\052\000\040\006\105\006\063\006\104\006\055\006\047\006\106\006\107}{chapter.4}% 50
\BOOKMARK [1][-]{section.4.4}{\376\377\006\063\006\106\006\047\006\061\006\314\006\110\006\314\000\040\006\063\006\110\006\105\000:\000\040\006\251\006\110\006\057\006\052\006\047\006\314\000\040\006\106\006\070\006\047\006\105\006\314}{chapter.4}% 51
\BOOKMARK [1][-]{section.4.5}{\376\377\006\063\006\106\006\047\006\061\006\314\006\110\006\314\000\040\006\206\006\107\006\047\006\061\006\105\000:\000\040\006\101\006\061\006\110\006\176\006\047\006\064\006\314\000\040\006\047\006\062\000\040\006\057\006\061\006\110\006\106}{chapter.4}% 52
\BOOKMARK [1][-]{section.4.6}{\376\377\006\063\006\106\006\047\006\061\006\314\006\110\006\314\000\040\006\176\006\106\006\054\006\105\000:\000\040\006\257\006\060\006\047\006\061\000\040\006\105\006\060\006\047\006\251\006\061\006\107\040\014\006\047\006\314}{chapter.4}% 53
\BOOKMARK [1][-]{section.4.7}{\376\377\006\063\006\106\006\047\006\061\006\314\006\110\006\314\000\040\006\052\006\061\006\251\006\314\006\050\006\314\000:\000\040\006\110\006\047\006\102\006\071\040\014\006\050\006\314\006\106\006\047\006\106\006\107\040\014\006\052\006\061\006\314\006\106\000\040\006\105\006\063\006\314\006\061}{chapter.4}% 54
\BOOKMARK [1][-]{section.4.8}{\376\377\006\105\006\047\006\052\006\061\006\314\006\063\000\040\006\105\006\102\006\047\006\314\006\063\006\107\040\014\006\047\006\314\000\040\006\063\006\106\006\047\006\061\006\314\006\110\006\107\006\047}{chapter.4}% 55
\BOOKMARK [0][-]{chapter.5}{\376\377\006\050\006\117\006\071\006\057\000\040\006\050\006\314\006\106\040\014\006\047\006\104\006\105\006\104\006\104\006\314}{}% 56
\BOOKMARK [1][-]{section.5.1}{\376\377\006\050\006\047\006\062\006\314\006\257\006\061\006\047\006\106\000\040\006\251\006\104\006\314\006\057\006\314}{chapter.5}% 57
\BOOKMARK [1][-]{section.5.2}{\376\377\006\047\006\106\006\110\006\047\006\071\000\040\006\105\006\057\006\047\006\056\006\104\006\107}{chapter.5}% 58
\BOOKMARK [2][-]{subsection.5.2.1}{\376\377\006\052\006\055\006\061\006\314\006\105\040\014\006\107\006\047\000\040\006\110\000\040\006\101\006\064\006\047\006\061\000\040\006\047\006\102\006\052\006\065\006\047\006\057\006\314}{section.5.2}% 59
\BOOKMARK [2][-]{subsection.5.2.2}{\376\377\006\055\006\105\006\047\006\314\006\052\000\040\006\057\006\314\006\176\006\104\006\105\006\047\006\052\006\314\006\251}{section.5.2}% 60
\BOOKMARK [2][-]{subsection.5.2.3}{\376\377\006\251\006\105\006\251\000\040\006\072\006\314\006\061\006\106\006\070\006\047\006\105\006\314}{section.5.2}% 61
\BOOKMARK [2][-]{subsection.5.2.4}{\376\377\006\105\006\057\006\047\006\056\006\104\006\107\000\040\006\106\006\070\006\047\006\105\006\314}{section.5.2}% 62
\BOOKMARK [1][-]{section.5.3}{\376\377\006\101\006\061\006\065\006\052\040\014\006\107\006\047\006\314\000\040\006\251\006\106\006\110\006\106\006\314}{chapter.5}% 63
\BOOKMARK [1][-]{section.5.4}{\376\377\006\052\006\110\006\065\006\314\006\107\040\014\006\107\006\047\000\040\006\050\006\061\006\047\006\314\000\040\006\057\006\314\006\176\006\104\006\105\006\047\006\063\006\314\000\040\006\047\006\176\006\110\006\062\006\314\006\063\006\314\006\110\006\106}{chapter.5}% 64
\BOOKMARK [0][-]{chapter.6}{\376\377\006\052\006\102\006\110\006\314\006\052\000\040\006\047\006\176\006\110\006\062\006\314\006\063\006\314\006\110\006\106}{}% 65
\BOOKMARK [1][-]{section.6.1}{\376\377\006\206\006\257\006\110\006\106\006\107\000\040\006\105\006\047\000\040\006\102\006\110\006\314\040\014\006\052\006\061\000\040\006\064\006\110\006\314\006\105\006\037}{chapter.6}% 66
\BOOKMARK [2][-]{subsection.6.1.1}{\376\377\006\047\006\046\006\052\006\104\006\047\006\101\040\014\006\063\006\047\006\062\006\314\000\040\006\071\006\105\006\104\006\314}{section.6.1}% 67
\BOOKMARK [2][-]{subsection.6.1.2}{\376\377\006\063\006\047\006\056\006\052\006\047\006\061\006\063\006\047\006\062\006\314\000\040\006\063\006\047\006\062\006\105\006\047\006\106\006\314}{section.6.1}% 68
\BOOKMARK [2][-]{subsection.6.1.3}{\376\377\006\047\006\061\006\052\006\050\006\047\006\067\000\040\006\050\006\047\000\040\006\057\006\047\006\056\006\104\000\040\006\251\006\064\006\110\006\061}{section.6.1}% 69
\BOOKMARK [1][-]{section.6.2}{\376\377\006\206\006\257\006\110\006\106\006\107\000\040\006\055\006\251\006\110\006\105\006\052\000\040\006\066\006\071\006\314\006\101\040\014\006\052\006\061\000\040\006\064\006\110\006\057\006\037}{chapter.6}% 70
\BOOKMARK [2][-]{subsection.6.2.1}{\376\377\006\064\006\251\006\063\006\052\006\106\000\040\006\063\006\052\006\110\006\106\040\014\006\107\006\047\006\314\000\040\006\102\006\057\006\061\006\052}{section.6.2}% 71
\BOOKMARK [2][-]{subsection.6.2.2}{\376\377\006\106\006\047\006\101\006\061\006\105\006\047\006\106\006\314\000\040\006\105\006\057\006\106\006\314}{section.6.2}% 72
\BOOKMARK [1][-]{section.6.3}{\376\377\006\047\006\063\006\052\006\061\006\047\006\052\006\230\006\314\040\014\006\107\006\047\006\314\000\040\006\047\006\061\006\052\006\050\006\047\006\067\006\314\000\040\006\110\000\040\006\061\006\063\006\047\006\106\006\107\040\014\006\047\006\314}{chapter.6}% 73
\BOOKMARK [1][-]{section.6.4}{\376\377\006\106\006\102\006\064\000\040\006\057\006\314\006\047\006\063\006\176\006\110\006\061\006\047}{chapter.6}% 74
\BOOKMARK [1][-]{section.6.5}{\376\377\006\047\006\110\006\104\006\110\006\314\006\052\040\014\006\050\006\106\006\057\006\314\000\040\006\047\006\102\006\057\006\047\006\105\006\047\006\052}{chapter.6}% 75
\BOOKMARK [0][-]{chapter.7}{\376\377\006\105\006\057\006\314\006\061\006\314\006\052\000\040\006\057\006\110\006\061\006\107\000\040\006\257\006\060\006\047\006\061}{}% 76
\BOOKMARK [1][-]{section.7.1}{\376\377\006\206\006\047\006\104\006\064\040\014\006\107\006\047\006\314\000\040\000\253\006\061\006\110\006\062\000\040\006\050\006\071\006\057\000\273}{chapter.7}% 77
\BOOKMARK [1][-]{section.7.2}{\376\377\006\054\006\104\006\110\006\257\006\314\006\061\006\314\000\040\006\047\006\062\000\040\006\063\006\110\006\061\006\314\006\107\040\014\006\047\006\314\000\040\006\064\006\057\006\106}{chapter.7}% 78
\BOOKMARK [1][-]{section.7.3}{\376\377\006\105\006\057\006\104\000\040\006\055\006\251\006\110\006\105\006\052\000\040\006\047\006\106\006\052\006\102\006\047\006\104\006\314}{chapter.7}% 79
\BOOKMARK [1][-]{section.7.4}{\376\377\006\106\006\102\006\064\000\040\006\106\006\314\006\061\006\110\006\107\006\047\006\314\000\040\006\105\006\063\006\104\006\055}{chapter.7}% 80
\BOOKMARK [1][-]{section.7.5}{\376\377\006\071\006\057\006\047\006\104\006\052\000\040\006\047\006\106\006\052\006\102\006\047\006\104\006\314}{chapter.7}% 81
\BOOKMARK [1][-]{section.7.6}{\376\377\006\054\006\057\006\110\006\104\000\040\006\062\006\105\006\047\006\106\006\314\000\040\006\057\006\110\006\061\006\107\000\040\006\257\006\060\006\047\006\061}{chapter.7}% 82
\BOOKMARK [0][-]{chapter.8}{\376\377\006\052\006\055\006\104\006\314\006\104\000\040\006\061\006\314\006\063\006\251}{}% 83
\BOOKMARK [1][-]{section.8.1}{\376\377\006\105\006\047\006\052\006\061\006\314\006\063\000\040\006\061\006\314\006\063\006\251}{chapter.8}% 84
\BOOKMARK [1][-]{section.8.2}{\376\377\006\063\006\106\006\047\006\061\006\314\006\110\006\107\006\047\006\314\000\040\006\050\006\057\006\052\006\061\006\314\006\106\000\040\006\055\006\047\006\104\006\052}{chapter.8}% 85
\BOOKMARK [2][-]{subsection.8.2.1}{\376\377\006\063\006\106\006\047\006\061\006\314\006\110\000\040\006\361\000:\000\040\006\063\006\061\006\251\006\110\006\050\000\040\006\056\006\110\006\106\006\314\006\106}{section.8.2}% 86
\BOOKMARK [2][-]{subsection.8.2.2}{\376\377\006\063\006\106\006\047\006\061\006\314\006\110\000\040\006\362\000:\000\040\006\054\006\106\006\257\000\040\006\057\006\047\006\056\006\104\006\314}{section.8.2}% 87
\BOOKMARK [2][-]{subsection.8.2.3}{\376\377\006\063\006\106\006\047\006\061\006\314\006\110\000\040\006\363\000:\000\040\006\052\006\054\006\062\006\314\006\107}{section.8.2}% 88
\BOOKMARK [1][-]{section.8.3}{\376\377\006\047\006\063\006\052\006\061\006\047\006\052\006\230\006\314\040\014\006\107\006\047\006\314\000\040\006\251\006\047\006\107\006\064\000\040\006\061\006\314\006\063\006\251}{chapter.8}% 89
\BOOKMARK [0][-]{chapter.9}{\376\377\006\106\006\102\006\064\006\107\000\040\006\061\006\047\006\107\000\040\006\071\006\105\006\104\006\314\006\047\006\052\006\314}{}% 90
\BOOKMARK [1][-]{section.9.1}{\376\377\006\105\006\061\006\055\006\104\006\107\000\040\006\047\006\110\006\104\000:\000\040\006\052\006\053\006\050\006\314\006\052\000\040\000\050\006\360\000-\006\363\000\040\006\105\006\047\006\107\000\051}{chapter.9}% 91
\BOOKMARK [1][-]{section.9.2}{\376\377\006\105\006\061\006\055\006\104\006\107\000\040\006\057\006\110\006\105\000:\000\040\006\047\006\046\006\052\006\104\006\047\006\101\040\014\006\063\006\047\006\062\006\314\000\040\000\050\006\363\000-\006\361\006\362\000\040\006\105\006\047\006\107\000\051}{chapter.9}% 92
\BOOKMARK [1][-]{section.9.3}{\376\377\006\105\006\061\006\055\006\104\006\107\000\040\006\063\006\110\006\105\000:\000\040\006\050\006\063\006\314\006\054\000\040\000\050\006\366\000-\006\361\006\370\000\040\006\105\006\047\006\107\000\051}{chapter.9}% 93
\BOOKMARK [1][-]{section.9.4}{\376\377\006\105\006\061\006\055\006\104\006\107\000\040\006\206\006\107\006\047\006\061\006\105\000:\000\040\006\047\006\102\006\057\006\047\006\105}{chapter.9}% 94
\BOOKMARK [1][-]{section.9.5}{\376\377\006\064\006\047\006\056\006\065\040\014\006\107\006\047\006\314\000\040\006\176\006\047\006\314\006\064\000\040\006\176\006\314\006\064\006\061\006\101\006\052}{chapter.9}% 95
\BOOKMARK [1][-]{section.9.6}{\376\377\006\106\006\102\006\047\006\067\000\040\006\052\006\065\006\105\006\314\006\105\040\014\006\257\006\314\006\061\006\314\000\040\006\251\006\104\006\314\006\057\006\314}{chapter.9}% 96
\BOOKMARK [0][-]{chapter.10}{\376\377\006\054\006\105\006\071\040\014\006\050\006\106\006\057\006\314}{}% 97
\BOOKMARK [1][-]{section.10.1}{\376\377\006\057\006\107\000\040\006\176\006\314\006\047\006\105\000\040\006\251\006\104\006\314\006\057\006\314}{chapter.10}% 98
\BOOKMARK [1][-]{section.10.2}{\376\377\006\101\006\061\006\047\006\056\006\110\006\047\006\106\000\040\006\071\006\105\006\104}{chapter.10}% 99
\BOOKMARK [1][-]{section.10.3}{\376\377\006\251\006\104\006\047\006\105\000\040\006\042\006\056\006\061\000:\000\040\006\047\006\105\006\314\006\057\000\040\006\110\006\047\006\102\006\071\040\014\006\050\006\314\006\106\006\047\006\106\006\107}{chapter.10}% 100
\BOOKMARK [0][-]{appendix.Alph1}{\376\377\006\106\006\070\006\061\006\314\006\107\040\014\006\107\006\047\006\314\000\040\006\047\006\106\006\102\006\104\006\047\006\050\000\040\006\110\000\040\006\257\006\060\006\047\006\061}{}% 101
\BOOKMARK [1][-]{section.Alph1.1}{\376\377\006\106\006\070\006\061\006\314\006\107\000\040\006\063\006\047\006\056\006\052\006\047\006\061\006\314\000\040\006\047\006\063\006\251\006\047\006\206\006\176\006\110\006\104}{appendix.Alph1}% 102
\BOOKMARK [1][-]{section.Alph1.2}{\376\377\006\106\006\070\006\061\006\314\006\107\000\040\006\050\006\063\006\314\006\054\000\040\006\105\006\106\006\047\006\050\006\071\000\040\006\052\006\314\006\104\006\314}{appendix.Alph1}% 103
\BOOKMARK [1][-]{section.Alph1.3}{\376\377\006\361\006\371\006\370\000\040\006\061\006\110\006\064\000\040\006\054\006\314\006\106\000\040\006\064\006\047\006\061\006\176}{appendix.Alph1}% 104
\BOOKMARK [1][-]{section.Alph1.4}{\376\377\006\047\006\106\006\102\006\104\006\047\006\050\040\014\006\107\006\047\006\314\000\040\006\105\006\056\006\105\006\104\006\314\000:\000\040\006\047\006\104\006\062\006\047\006\105\006\047\006\052}{appendix.Alph1}% 105
\BOOKMARK [1][-]{section.Alph1.5}{\376\377\006\106\006\070\006\061\006\314\006\107\000\040\006\257\006\060\006\047\006\061\000\040\006\057\006\105\006\110\006\251\006\061\006\047\006\052\006\314\006\251}{appendix.Alph1}% 106
\BOOKMARK [1][-]{section.Alph1.6}{\376\377\006\206\006\047\006\061\006\206\006\110\006\050\000\040\006\052\006\061\006\251\006\314\006\050\006\314\000\040\006\176\006\314\006\064\006\106\006\107\006\047\006\057\006\314}{appendix.Alph1}% 107
\BOOKMARK [0][-]{appendix.Alph2}{\376\377\006\105\006\067\006\047\006\104\006\071\006\047\006\052\000\040\006\105\006\110\006\061\006\057\006\314}{}% 108
\BOOKMARK [1][-]{section.Alph2.1}{\376\377\006\106\006\105\006\110\006\106\006\107\040\014\006\107\006\047\006\314\000\040\006\105\006\110\006\101\006\102}{appendix.Alph2}% 109
\BOOKMARK [2][-]{subsection.Alph2.1.1}{\376\377\006\104\006\107\006\063\006\052\006\047\006\106\000:\000\040\006\054\006\106\006\050\006\064\000\040\006\107\006\105\006\050\006\063\006\052\006\257\006\314\000\040\000\050\006\361\006\371\006\370\006\360\000-\006\361\006\371\006\370\006\371\000\051}{section.Alph2.1}% 110
\BOOKMARK [2][-]{subsection.Alph2.1.2}{\376\377\006\206\006\251\006\063\006\104\006\110\006\047\006\251\006\314\000:\000\040\006\047\006\106\006\102\006\104\006\047\006\050\000\040\006\105\006\056\006\105\006\104\006\314\000\040\000\050\006\361\006\371\006\370\006\371\000\051}{section.Alph2.1}% 111
\BOOKMARK [2][-]{subsection.Alph2.1.3}{\376\377\006\042\006\101\006\061\006\314\006\102\006\047\006\314\000\040\006\054\006\106\006\110\006\050\006\314\000\040\000\050\006\361\006\371\006\371\006\360\000-\006\361\006\371\006\371\006\364\000\051}{section.Alph2.1}% 112
\BOOKMARK [2][-]{subsection.Alph2.1.4}{\376\377\006\176\006\061\006\052\006\072\006\047\006\104\000:\000\040\006\047\006\106\006\102\006\104\006\047\006\050\000\040\006\105\006\314\006\056\006\251\000\040\000\050\006\361\006\371\006\367\006\364\000\051}{section.Alph2.1}% 113
\BOOKMARK [1][-]{section.Alph2.2}{\376\377\006\106\006\105\006\110\006\106\006\107\040\014\006\107\006\047\006\314\000\040\006\106\006\047\006\105\006\110\006\101\006\102}{appendix.Alph2}% 114
\BOOKMARK [2][-]{subsection.Alph2.2.1}{\376\377\006\063\006\110\006\061\006\314\006\107\000\040\000\050\006\362\006\360\006\361\006\361\000-\006\055\006\047\006\104\000\051}{section.Alph2.2}% 115
\BOOKMARK [2][-]{subsection.Alph2.2.2}{\376\377\006\110\006\106\006\062\006\110\006\046\006\104\006\047}{section.Alph2.2}% 116
\BOOKMARK [1][-]{section.Alph2.3}{\376\377\006\054\006\057\006\110\006\104\000\040\006\105\006\102\006\047\006\314\006\063\006\107\040\014\006\047\006\314}{appendix.Alph2}% 117
\BOOKMARK [1][-]{section.Alph2.4}{\376\377\006\106\006\052\006\314\006\054\006\107\040\014\006\257\006\314\006\061\006\314}{appendix.Alph2}% 118
\BOOKMARK [0][-]{appendix.Alph3}{\376\377\006\063\006\047\006\056\006\052\006\047\006\061\000\040\006\102\006\057\006\061\006\052\000\040\006\054\006\105\006\107\006\110\006\061\006\314\000\040\006\047\006\063\006\104\006\047\006\105\006\314}{}% 119
\BOOKMARK [1][-]{section.Alph3.1}{\376\377\006\106\006\105\006\110\006\057\006\047\006\061\000\040\006\063\006\047\006\062\006\105\006\047\006\106\006\314}{appendix.Alph3}% 120
\BOOKMARK [1][-]{section.Alph3.2}{\376\377\006\050\006\314\006\052\000\040\006\061\006\107\006\050\006\061\006\314}{appendix.Alph3}% 121
\BOOKMARK [1][-]{section.Alph3.3}{\376\377\006\063\006\176\006\047\006\107\000\040\006\176\006\047\006\063\006\057\006\047\006\061\006\047\006\106}{appendix.Alph3}% 122
\BOOKMARK [1][-]{section.Alph3.4}{\376\377\006\064\006\050\006\251\006\107\040\014\006\107\006\047\006\314\000\040\006\047\006\102\006\052\006\065\006\047\006\057\006\314}{appendix.Alph3}% 123
\BOOKMARK [1][-]{section.Alph3.5}{\376\377\006\106\006\102\006\047\006\067\000\040\006\042\006\063\006\314\006\050\040\014\006\176\006\060\006\314\006\061\006\314}{appendix.Alph3}% 124
\BOOKMARK [0][-]{appendix.Alph4}{\376\377\006\052\006\047\006\061\006\314\006\056\000\040\006\054\006\106\006\050\006\064\040\014\006\107\006\047\006\314\000\040\006\047\006\314\006\061\006\047\006\106}{}% 125
\BOOKMARK [1][-]{section.Alph4.1}{\376\377\006\056\006\067\000\040\006\062\006\105\006\047\006\106\006\314\000\040\006\054\006\106\006\050\006\064\040\014\006\107\006\047}{appendix.Alph4}% 126
\BOOKMARK [1][-]{section.Alph4.2}{\376\377\006\054\006\106\006\050\006\064\000\040\006\057\006\047\006\106\006\064\006\054\006\110\006\314\006\314\000\040\006\361\006\370\000\040\006\052\006\314\006\061\000\040\006\361\006\363\006\367\006\370}{appendix.Alph4}% 127
\BOOKMARK [1][-]{section.Alph4.3}{\376\377\006\054\006\106\006\050\006\064\000\040\006\063\006\050\006\062\000\040\006\361\006\363\006\370\006\370}{appendix.Alph4}% 128
\BOOKMARK [1][-]{section.Alph4.4}{\376\377\006\056\006\314\006\062\006\064\000\040\006\057\006\314\040\014\006\105\006\047\006\107\000\040\006\361\006\363\006\371\006\366}{appendix.Alph4}% 129
\BOOKMARK [1][-]{section.Alph4.5}{\376\377\006\056\006\314\006\062\006\064\000\040\006\042\006\050\006\047\006\106\000\040\006\361\006\363\006\371\006\370}{appendix.Alph4}% 130
\BOOKMARK [1][-]{section.Alph4.6}{\376\377\006\054\006\106\006\050\006\064\000\040\006\105\006\107\006\063\006\047\000\040\006\361\006\364\006\360\006\361}{appendix.Alph4}% 131
\BOOKMARK [1][-]{section.Alph4.7}{\376\377\006\061\006\110\006\106\006\057\000\040\006\052\006\055\006\110\006\104\000\040\006\054\006\106\006\050\006\064\040\014\006\107\006\047}{appendix.Alph4}% 132
\BOOKMARK [0][-]{appendix.Alph5}{\376\377\006\042\006\105\006\047\006\061\000\040\006\110\000\040\006\057\006\047\006\057\006\107\040\014\006\107\006\047}{}% 133
\BOOKMARK [1][-]{section.Alph5.1}{\376\377\006\057\006\047\006\057\006\107\040\014\006\107\006\047\006\314\000\040\006\054\006\105\006\071\006\314\006\052\006\314}{appendix.Alph5}% 134
\BOOKMARK [1][-]{section.Alph5.2}{\376\377\006\057\006\047\006\057\006\107\040\014\006\107\006\047\006\314\000\040\006\047\006\102\006\052\006\065\006\047\006\057\006\314}{appendix.Alph5}% 135
\BOOKMARK [1][-]{section.Alph5.3}{\376\377\006\057\006\047\006\057\006\107\040\014\006\107\006\047\006\314\000\040\006\106\006\070\006\047\006\105\006\314}{appendix.Alph5}% 136
\BOOKMARK [1][-]{section.Alph5.4}{\376\377\006\042\006\105\006\047\006\061\000\040\006\063\006\061\006\251\006\110\006\050}{appendix.Alph5}% 137
\BOOKMARK [0][-]{appendix.Alph6}{\376\377\006\105\006\063\006\052\006\106\006\057\006\047\006\052\000\040\006\055\006\102\006\110\006\102\000\040\006\050\006\064\006\061\006\314}{}% 138
\BOOKMARK [1][-]{section.Alph6.1}{\376\377\006\047\006\071\006\057\006\047\006\105\040\014\006\107\006\047}{appendix.Alph6}% 139
\BOOKMARK [1][-]{section.Alph6.2}{\376\377\006\062\006\106\006\057\006\047\006\106\006\314\006\047\006\106\000\040\006\063\006\314\006\047\006\063\006\314}{appendix.Alph6}% 140
\BOOKMARK [1][-]{section.Alph6.3}{\376\377\006\064\006\251\006\106\006\054\006\107\000\040\006\110\000\040\006\050\006\057\006\061\006\101\006\052\006\047\006\061\006\314}{appendix.Alph6}% 141
\BOOKMARK [1][-]{section.Alph6.4}{\376\377\006\063\006\061\006\251\006\110\006\050\000\040\006\062\006\106\006\047\006\106}{appendix.Alph6}% 142
\BOOKMARK [1][-]{section.Alph6.5}{\376\377\006\063\006\061\006\251\006\110\006\050\000\040\006\047\006\102\006\104\006\314\006\052\040\014\006\107\006\047}{appendix.Alph6}% 143
\BOOKMARK [1][-]{section.Alph6.6}{\376\377\006\105\006\106\006\047\006\050\006\071\000\040\006\105\006\063\006\052\006\106\006\057\006\063\006\047\006\062\006\314}{appendix.Alph6}% 144
\BOOKMARK [1][-]{section.Alph6.7}{\376\377\006\047\006\107\006\105\006\314\006\052\000\040\006\105\006\063\006\052\006\106\006\057\006\063\006\047\006\062\006\314}{appendix.Alph6}% 145
\BOOKMARK [0][-]{appendix.Alph7}{\376\377\006\251\006\052\006\047\006\050\040\014\006\064\006\106\006\047\006\063\006\314}{}% 146
\BOOKMARK [1][-]{section.Alph7.1}{\376\377\006\105\006\106\006\047\006\050\006\071\000\040\006\101\006\047\006\061\006\063\006\314}{appendix.Alph7}% 147
\BOOKMARK [2][-]{subsection.Alph7.1.1}{\376\377\006\054\006\106\006\050\006\064\040\014\006\107\006\047\006\314\000\040\006\047\006\054\006\052\006\105\006\047\006\071\006\314}{section.Alph7.1}% 148
\BOOKMARK [2][-]{subsection.Alph7.1.2}{\376\377\006\052\006\055\006\104\006\314\006\104\000\040\006\063\006\314\006\047\006\063\006\314}{section.Alph7.1}% 149
\BOOKMARK [1][-]{section.Alph7.2}{\376\377\006\105\006\106\006\047\006\050\006\071\000\040\006\047\006\106\006\257\006\104\006\314\006\063\006\314}{appendix.Alph7}% 150
\BOOKMARK [2][-]{subsection.Alph7.2.1}{\376\377\006\106\006\070\006\061\006\314\006\107\000\040\006\047\006\106\006\102\006\104\006\047\006\050}{section.Alph7.2}% 151
\BOOKMARK [2][-]{subsection.Alph7.2.2}{\376\377\006\257\006\060\006\047\006\061\000\040\006\057\006\105\006\110\006\251\006\061\006\047\006\052\006\314\006\251}{section.Alph7.2}% 152
\BOOKMARK [2][-]{subsection.Alph7.2.3}{\376\377\006\047\006\314\006\061\006\047\006\106\000\040\006\105\006\071\006\047\006\065\006\061}{section.Alph7.2}% 153
\BOOKMARK [1][-]{section.Alph7.3}{\376\377\006\257\006\062\006\047\006\061\006\064\040\014\006\107\006\047\000\040\006\110\000\040\006\105\006\063\006\052\006\106\006\057\006\047\006\052}{appendix.Alph7}% 154
\BOOKMARK [1][-]{section.Alph7.4}{\376\377\006\105\006\106\006\047\006\050\006\071\000\040\006\042\006\106\006\104\006\047\006\314\006\106}{appendix.Alph7}% 155
\BOOKMARK [1][-]{section.Alph7.5}{\376\377\006\176\006\047\006\314\006\257\006\047\006\107\040\014\006\107\006\047\006\314\000\040\006\057\006\047\006\057\006\107}{appendix.Alph7}% 156
